==13612== Memcheck, a memory error detector
==13612== Copyright (C) 2002-2017, and GNU GPL'd, by Julian Seward et al.
==13612== Using Valgrind-3.16.1 and LibVEX; rerun with -h for copyright info
==13612== Command: ./cub3D map/1.cub
==13612== Parent PID: 13611
==13612== 
==13612== 
==13612== HEAP SUMMARY:
==13612==     in use at exit: 108,665 bytes in 308 blocks
==13612==   total heap usage: 27,888 allocs, 27,580 frees, 34,354,305 bytes allocated
==13612== 
==13612== LEAK SUMMARY:
==13612==    definitely lost: 0 bytes in 0 blocks
==13612==    indirectly lost: 0 bytes in 0 blocks
==13612==      possibly lost: 0 bytes in 0 blocks
==13612==    still reachable: 0 bytes in 0 blocks
==13612==         suppressed: 108,665 bytes in 308 blocks
==13612== 
==13612== For lists of detected and suppressed errors, rerun with: -s
==13612== ERROR SUMMARY: 0 errors from 0 contexts (suppressed: 12 from 8)
